c:\users\wangb\onedrive - washington state university (email.wsu.edu)\study\cpts_122\pas\pa9\pa9\pa9_client\release\vc142.pdb
c:\users\wangb\onedrive - washington state university (email.wsu.edu)\study\cpts_122\pas\pa9\pa9\pa9_client\release\udp_client_sender.obj
c:\users\wangb\onedrive - washington state university (email.wsu.edu)\study\cpts_122\pas\pa9\pa9\pa9_client\release\udp_client_receiver.obj
c:\users\wangb\onedrive - washington state university (email.wsu.edu)\study\cpts_122\pas\pa9\pa9\pa9_client\release\ranklist.obj
c:\users\wangb\onedrive - washington state university (email.wsu.edu)\study\cpts_122\pas\pa9\pa9\pa9_client\release\player.obj
c:\users\wangb\onedrive - washington state university (email.wsu.edu)\study\cpts_122\pas\pa9\pa9\pa9_client\release\platform.obj
c:\users\wangb\onedrive - washington state university (email.wsu.edu)\study\cpts_122\pas\pa9\pa9\pa9_client\release\obstacle.obj
c:\users\wangb\onedrive - washington state university (email.wsu.edu)\study\cpts_122\pas\pa9\pa9\pa9_client\release\main.obj
c:\users\wangb\onedrive - washington state university (email.wsu.edu)\study\cpts_122\pas\pa9\pa9\pa9_client\release\login.obj
c:\users\wangb\onedrive - washington state university (email.wsu.edu)\study\cpts_122\pas\pa9\pa9\pa9_client\release\gameplay.obj
c:\users\wangb\onedrive - washington state university (email.wsu.edu)\study\cpts_122\pas\pa9\pa9\pa9_client\release\textbox.obj
c:\users\wangb\onedrive - washington state university (email.wsu.edu)\study\cpts_122\pas\pa9\pa9\pa9_client\release\button.obj
c:\users\wangb\onedrive - washington state university (email.wsu.edu)\study\cpts_122\pas\pa9\pa9\pa9_client\release\displayer.obj
c:\users\wangb\onedrive - washington state university (email.wsu.edu)\study\cpts_122\pas\pa9\pa9\pa9_client\release\collider.obj
c:\users\wangb\onedrive - washington state university (email.wsu.edu)\study\cpts_122\pas\pa9\pa9\pa9_client\release\animation.obj
c:\users\wangb\onedrive - washington state university (email.wsu.edu)\study\cpts_122\pas\pa9\pa9\release\pa9.exe
c:\users\wangb\onedrive - washington state university (email.wsu.edu)\study\cpts_122\pas\pa9\pa9\release\pa9.pdb
c:\users\wangb\onedrive - washington state university (email.wsu.edu)\study\cpts_122\pas\pa9\pa9\release\pa9.ipdb
c:\users\wangb\onedrive - washington state university (email.wsu.edu)\study\cpts_122\pas\pa9\pa9\release\pa9.iobj
c:\users\wangb\onedrive - washington state university (email.wsu.edu)\study\cpts_122\pas\pa9\pa9\pa9_client\release\pa9.tlog\cl.command.1.tlog
c:\users\wangb\onedrive - washington state university (email.wsu.edu)\study\cpts_122\pas\pa9\pa9\pa9_client\release\pa9.tlog\cl.read.1.tlog
c:\users\wangb\onedrive - washington state university (email.wsu.edu)\study\cpts_122\pas\pa9\pa9\pa9_client\release\pa9.tlog\cl.write.1.tlog
c:\users\wangb\onedrive - washington state university (email.wsu.edu)\study\cpts_122\pas\pa9\pa9\pa9_client\release\pa9.tlog\link.command.1.tlog
c:\users\wangb\onedrive - washington state university (email.wsu.edu)\study\cpts_122\pas\pa9\pa9\pa9_client\release\pa9.tlog\link.read.1.tlog
c:\users\wangb\onedrive - washington state university (email.wsu.edu)\study\cpts_122\pas\pa9\pa9\pa9_client\release\pa9.tlog\link.write.1.tlog
c:\users\wangb\onedrive - washington state university (email.wsu.edu)\study\cpts_122\pas\pa9\pa9\pa9_client\release\pa9.tlog\pa9.write.1u.tlog
